applets/applet_tables
applets/applets
applets/individual
applets/usage_pod
applets/usage
archival/ar
archival/bbunzip
archival/bzip2
archival/cpio
archival/dpkg_deb
archival/dpkg
archival/gzip
archival/libarchive/bz/blocksort
archival/libarchive/bz/bzlib
archival/libarchive/bz/compress
archival/libarchive/bz/huffman
archival/libarchive/data_align
archival/libarchive/data_extract_all
archival/libarchive/data_extract_to_command
archival/libarchive/data_extract_to_stdout
archival/libarchive/data_skip
archival/libarchive/decompress_bunzip2
archival/libarchive/decompress_uncompress
archival/libarchive/decompress_unlzma
archival/libarchive/decompress_unxz
archival/libarchive/decompress_unzip
archival/libarchive/filter_accept_all
archival/libarchive/filter_accept_list_reassign
archival/libarchive/filter_accept_list
archival/libarchive/filter_accept_reject_list
archival/libarchive/find_list_entry
archival/libarchive/get_header_ar
archival/libarchive/get_header_cpio
archival/libarchive/get_header_tar_bz2
archival/libarchive/get_header_tar_gz
archival/libarchive/get_header_tar_lzma
archival/libarchive/get_header_tar
archival/libarchive/header_list
archival/libarchive/header_skip
archival/libarchive/header_verbose_list
archival/libarchive/init_handle
archival/libarchive/lzo1x_1o
archival/libarchive/lzo1x_1
archival/libarchive/lzo1x_9x
archival/libarchive/lzo1x_c
archival/libarchive/lzo1x_d
archival/libarchive/open_transformer
archival/libarchive/seek_by_jump
archival/libarchive/seek_by_read
archival/libarchive/unpack_ar_archive
archival/libarchive/unxz/xz_dec_bcj
archival/libarchive/unxz/xz_dec_lzma2
archival/libarchive/unxz/xz_dec_stream
archival/lzop
archival/rpm2cpio
archival/rpm
archival/tar
archival/unzip
console-tools/chvt
console-tools/clear
console-tools/deallocvt
console-tools/dumpkmap
console-tools/fgconsole
console-tools/kbd_mode
console-tools/loadfont
console-tools/loadkmap
console-tools/openvt
console-tools/reset
console-tools/resize
console-tools/setconsole
console-tools/setkeycodes
console-tools/setlogcons
console-tools/showkey
coreutils/basename
coreutils/cal
coreutils/catv
coreutils/cat
coreutils/chgrp
coreutils/chmod
coreutils/chown
coreutils/chroot
coreutils/cksum
coreutils/comm
coreutils/cp
coreutils/cut
coreutils/date
coreutils/dd
coreutils/df
coreutils/dirname
coreutils/dos2unix
coreutils/du
coreutils/echo
coreutils/env
coreutils/expand
coreutils/expr
coreutils/false
coreutils/fold
coreutils/fsync
coreutils/head
coreutils/hostid
coreutils/id
coreutils/install
coreutils/length
coreutils/libcoreutils/cp_mv_stat
coreutils/libcoreutils/getopt_mk_fifo_nod
coreutils/ln
coreutils/logname
coreutils/ls
coreutils/md5_sha1_sum
coreutils/mkdir
coreutils/mkfifo
coreutils/mknod
coreutils/mv
coreutils/nice
coreutils/nohup
coreutils/od_bloaty
coreutils/od
coreutils/printenv
coreutils/printf
coreutils/pwd
coreutils/readlink
coreutils/realpath
coreutils/rmdir
coreutils/rm
coreutils/seq
coreutils/sleep
coreutils/sort
coreutils/split
coreutils/stat
coreutils/stty
coreutils/sum
coreutils/sync
coreutils/tac
coreutils/tail
coreutils/tee
coreutils/test_ptr_hack
coreutils/test
coreutils/touch
coreutils/true
coreutils/tr
coreutils/tty
coreutils/uname
coreutils/uniq
coreutils/usleep
coreutils/uudecode
coreutils/uuencode
coreutils/wc
coreutils/whoami
coreutils/who
coreutils/yes
debianutils/mktemp
debianutils/pipe_progress
debianutils/run_parts
debianutils/start_stop_daemon
debianutils/which
e2fsprogs/chattr
e2fsprogs/e2fs_lib
e2fsprogs/fsck
e2fsprogs/lsattr
e2fsprogs/old_e2fsprogs/blkid/blkid_getsize
e2fsprogs/old_e2fsprogs/blkid/cache
e2fsprogs/old_e2fsprogs/blkid/devname
e2fsprogs/old_e2fsprogs/blkid/devno
e2fsprogs/old_e2fsprogs/blkid/dev
e2fsprogs/old_e2fsprogs/blkid/list
e2fsprogs/old_e2fsprogs/blkid/probe
e2fsprogs/old_e2fsprogs/blkid/read
e2fsprogs/old_e2fsprogs/blkid/resolve
e2fsprogs/old_e2fsprogs/blkid/save
e2fsprogs/old_e2fsprogs/blkid/tag
e2fsprogs/old_e2fsprogs/chattr
e2fsprogs/old_e2fsprogs/e2fsck
e2fsprogs/old_e2fsprogs/e2p/feature
e2fsprogs/old_e2fsprogs/e2p/fgetsetflags
e2fsprogs/old_e2fsprogs/e2p/fgetsetversion
e2fsprogs/old_e2fsprogs/e2p/hashstr
e2fsprogs/old_e2fsprogs/e2p/iod
e2fsprogs/old_e2fsprogs/e2p/ls
e2fsprogs/old_e2fsprogs/e2p/mntopts
e2fsprogs/old_e2fsprogs/e2p/ostype
e2fsprogs/old_e2fsprogs/e2p/parse_num
e2fsprogs/old_e2fsprogs/e2p/pe
e2fsprogs/old_e2fsprogs/e2p/pf
e2fsprogs/old_e2fsprogs/e2p/ps
e2fsprogs/old_e2fsprogs/e2p/uuid
e2fsprogs/old_e2fsprogs/ext2fs/alloc_sb
e2fsprogs/old_e2fsprogs/ext2fs/alloc_stats
e2fsprogs/old_e2fsprogs/ext2fs/alloc_tables
e2fsprogs/old_e2fsprogs/ext2fs/alloc
e2fsprogs/old_e2fsprogs/ext2fs/badblocks
e2fsprogs/old_e2fsprogs/ext2fs/bb_compat
e2fsprogs/old_e2fsprogs/ext2fs/bb_inode
e2fsprogs/old_e2fsprogs/ext2fs/bitmaps
e2fsprogs/old_e2fsprogs/ext2fs/bitops
e2fsprogs/old_e2fsprogs/ext2fs/block
e2fsprogs/old_e2fsprogs/ext2fs/bmap
e2fsprogs/old_e2fsprogs/ext2fs/bmove
e2fsprogs/old_e2fsprogs/ext2fs/brel_ma
e2fsprogs/old_e2fsprogs/ext2fs/check_desc
e2fsprogs/old_e2fsprogs/ext2fs/closefs
e2fsprogs/old_e2fsprogs/ext2fs/cmp_bitmaps
e2fsprogs/old_e2fsprogs/ext2fs/dblist_dir
e2fsprogs/old_e2fsprogs/ext2fs/dblist
e2fsprogs/old_e2fsprogs/ext2fs/dir_iterate
e2fsprogs/old_e2fsprogs/ext2fs/dirblock
e2fsprogs/old_e2fsprogs/ext2fs/dirhash
e2fsprogs/old_e2fsprogs/ext2fs/dupfs
e2fsprogs/old_e2fsprogs/ext2fs/expanddir
e2fsprogs/old_e2fsprogs/ext2fs/ext2fs_inline
e2fsprogs/old_e2fsprogs/ext2fs/ext_attr
e2fsprogs/old_e2fsprogs/ext2fs/fileio
e2fsprogs/old_e2fsprogs/ext2fs/finddev
e2fsprogs/old_e2fsprogs/ext2fs/flushb
e2fsprogs/old_e2fsprogs/ext2fs/freefs
e2fsprogs/old_e2fsprogs/ext2fs/gen_bitmap
e2fsprogs/old_e2fsprogs/ext2fs/get_pathname
e2fsprogs/old_e2fsprogs/ext2fs/getsectsize
e2fsprogs/old_e2fsprogs/ext2fs/getsize
e2fsprogs/old_e2fsprogs/ext2fs/icount
e2fsprogs/old_e2fsprogs/ext2fs/imager
e2fsprogs/old_e2fsprogs/ext2fs/ind_block
e2fsprogs/old_e2fsprogs/ext2fs/initialize
e2fsprogs/old_e2fsprogs/ext2fs/inline
e2fsprogs/old_e2fsprogs/ext2fs/inode_io
e2fsprogs/old_e2fsprogs/ext2fs/inode
e2fsprogs/old_e2fsprogs/ext2fs/io_manager
e2fsprogs/old_e2fsprogs/ext2fs/irel_ma
e2fsprogs/old_e2fsprogs/ext2fs/ismounted
e2fsprogs/old_e2fsprogs/ext2fs/link
e2fsprogs/old_e2fsprogs/ext2fs/lookup
e2fsprogs/old_e2fsprogs/ext2fs/mkdir
e2fsprogs/old_e2fsprogs/ext2fs/mkjournal
e2fsprogs/old_e2fsprogs/ext2fs/namei
e2fsprogs/old_e2fsprogs/ext2fs/newdir
e2fsprogs/old_e2fsprogs/ext2fs/openfs
e2fsprogs/old_e2fsprogs/ext2fs/read_bb_file
e2fsprogs/old_e2fsprogs/ext2fs/read_bb
e2fsprogs/old_e2fsprogs/ext2fs/res_gdt
e2fsprogs/old_e2fsprogs/ext2fs/rs_bitmap
e2fsprogs/old_e2fsprogs/ext2fs/rw_bitmaps
e2fsprogs/old_e2fsprogs/ext2fs/sparse
e2fsprogs/old_e2fsprogs/ext2fs/swapfs
e2fsprogs/old_e2fsprogs/ext2fs/test_io
e2fsprogs/old_e2fsprogs/ext2fs/unix_io
e2fsprogs/old_e2fsprogs/ext2fs/unlink
e2fsprogs/old_e2fsprogs/ext2fs/valid_blk
e2fsprogs/old_e2fsprogs/ext2fs/version
e2fsprogs/old_e2fsprogs/ext2fs/write_bb_file
e2fsprogs/old_e2fsprogs/fsck
e2fsprogs/old_e2fsprogs/lsattr
e2fsprogs/old_e2fsprogs/mke2fs
e2fsprogs/old_e2fsprogs/tune2fs
e2fsprogs/old_e2fsprogs/util
e2fsprogs/old_e2fsprogs/uuid/compare
e2fsprogs/old_e2fsprogs/uuid/gen_uuid
e2fsprogs/old_e2fsprogs/uuid/pack
e2fsprogs/old_e2fsprogs/uuid/parse
e2fsprogs/old_e2fsprogs/uuid/unpack
e2fsprogs/old_e2fsprogs/uuid/unparse
e2fsprogs/old_e2fsprogs/uuid/uuid_time
e2fsprogs/tune2fs
editors/awk
editors/cmp
editors/diff
editors/ed
editors/patch_bbox
editors/patch_toybox
editors/patch
editors/sed
editors/vi
findutils/find
findutils/grep
findutils/xargs
init/bootchartd
init/halt
init/init
init/mesg
libbb/appletlib
libbb/ask_confirmation
libbb/bb_askpass
libbb/bb_basename
libbb/bb_bswap_64
libbb/bb_do_delay
libbb/bb_pwd
libbb/bb_qsort
libbb/bb_strtod
libbb/bb_strtonum
libbb/change_identity
libbb/chomp
libbb/compare_string_array
libbb/concat_path_file
libbb/concat_subpath_file
libbb/copy_file
libbb/copyfd
libbb/correct_password
libbb/crc32
libbb/create_icmp6_socket
libbb/create_icmp_socket
libbb/default_error_retval
libbb/device_open
libbb/die_if_bad_username
libbb/dump
libbb/execable
libbb/fclose_nonstdin
libbb/fflush_stdout_and_exit
libbb/fgets_str
libbb/find_mount_point
libbb/find_pid_by_name
libbb/find_root_device
libbb/full_write
libbb/get_console
libbb/get_cpu_count
libbb/get_last_path_component
libbb/get_line_from_file
libbb/get_volsize
libbb/getopt32
libbb/getpty
libbb/hash_md5_sha
libbb/hash_md5prime
libbb/herror_msg
libbb/human_readable
libbb/inet_common
libbb/info_msg
libbb/inode_hash
libbb/isdirectory
libbb/kernel_version
libbb/last_char_is
libbb/lineedit_ptr_hack
libbb/lineedit
libbb/llist
libbb/login
libbb/loop
libbb/make_directory
libbb/makedev
libbb/match_fstype
libbb/messages
libbb/mode_string
libbb/mtab
libbb/obscure
libbb/parse_config
libbb/parse_mode
libbb/perror_msg
libbb/perror_nomsg_and_die
libbb/perror_nomsg
libbb/pidfile
libbb/platform
libbb/print_flags
libbb/printable_string
libbb/printable
libbb/process_escape_sequence
libbb/procps
libbb/progress
libbb/ptr_to_globals
libbb/pw_encrypt_des
libbb/pw_encrypt_md5
libbb/pw_encrypt_sha
libbb/pw_encrypt
libbb/read_key
libbb/read_printf
libbb/read
libbb/recursive_action
libbb/remove_file
libbb/rtc
libbb/run_shell
libbb/safe_gethostname
libbb/safe_poll
libbb/safe_strncpy
libbb/safe_write
libbb/selinux_common
libbb/setup_environment
libbb/signals
libbb/simplify_path
libbb/single_argv
libbb/skip_whitespace
libbb/speed_table
libbb/str_tolower
libbb/strrstr
libbb/time
libbb/trim
libbb/u_signal_names
libbb/udp_io
libbb/unicode
libbb/update_passwd
libbb/utmp
libbb/uuencode
libbb/vdprintf
libbb/verror_msg
libbb/vfork_daemon_rexec
libbb/warn_ignoring_args
libbb/wfopen_input
libbb/wfopen
libbb/write
libbb/xatonum_template
libbb/xatonum
libbb/xconnect
libbb/xfunc_die
libbb/xfuncs_printf
libbb/xfuncs
libbb/xgetcwd
libbb/xgethostbyname
libbb/xreadlink
libbb/xrealloc_vector
libbb/xregcomp
libpwdgrp/pwd_grp_internal
libpwdgrp/pwd_grp
libpwdgrp/uidgid_get
loginutils/add-remove-shell
loginutils/addgroup
loginutils/adduser
loginutils/chpasswd
loginutils/cryptpw
loginutils/deluser
loginutils/getty
loginutils/login
loginutils/passwd
loginutils/sulogin
loginutils/su
loginutils/vlock
mailutils/mail
mailutils/mime
mailutils/popmaildir
mailutils/sendmail
miscutils/adjtimex
miscutils/bbconfig
miscutils/beep
miscutils/chat
miscutils/chrt
miscutils/conspy
miscutils/crond
miscutils/crontab
miscutils/dc
miscutils/devfsd
miscutils/devmem
miscutils/eject
miscutils/fbsplash
miscutils/flash_eraseall
miscutils/flash_lock_unlock
miscutils/flashcp
miscutils/hdparm
miscutils/inotifyd
miscutils/ionice
miscutils/last_fancy
miscutils/last
miscutils/less
miscutils/makedevs
miscutils/man
miscutils/microcom
miscutils/mountpoint
miscutils/mt
miscutils/nandwrite
miscutils/raidautorun
miscutils/readahead
miscutils/rfkill
miscutils/runlevel
miscutils/rx
miscutils/setsid
miscutils/strings
miscutils/taskset
miscutils/timeout
miscutils/time
miscutils/ttysize
miscutils/ubi_attach_detach
miscutils/volname
miscutils/wall
miscutils/watchdog
modutils/depmod
modutils/insmod
modutils/lsmod
modutils/modinfo
modutils/modprobe-small
modutils/modprobe
modutils/modutils-24
modutils/modutils
modutils/rmmod
networking/arping
networking/arp
networking/brctl
networking/dnsd
networking/ether-wake
networking/ftpd
networking/ftpgetput
networking/hostname
networking/httpd_indexcgi
networking/httpd_ssi
networking/httpd
networking/ifconfig
networking/ifenslave
networking/ifplugd
networking/ifupdown
networking/inetd
networking/interface
networking/ipcalc
networking/ip
networking/isrv_identd
networking/isrv
networking/libiproute/ip_parse_common_args
networking/libiproute/ipaddress
networking/libiproute/iplink
networking/libiproute/iproute
networking/libiproute/iprule
networking/libiproute/iptunnel
networking/libiproute/libnetlink
networking/libiproute/ll_addr
networking/libiproute/ll_map
networking/libiproute/ll_proto
networking/libiproute/ll_types
networking/libiproute/rt_names
networking/libiproute/rtm_map
networking/libiproute/utils
networking/nameif
networking/nbd-client
networking/nc_bloaty
networking/nc
networking/netstat
networking/nslookup
networking/ntpd_simple
networking/ntpd
networking/ping
networking/pscan
networking/route
networking/slattach
networking/tcpudp_perhost
networking/tcpudp
networking/tc
networking/telnetd
networking/telnet
networking/tftp
networking/traceroute
networking/tunctl
networking/udhcp/arpping
networking/udhcp/common
networking/udhcp/dhcpc
networking/udhcp/dhcpd
networking/udhcp/dhcprelay
networking/udhcp/domain_codec
networking/udhcp/dumpleases
networking/udhcp/files
networking/udhcp/leases
networking/udhcp/packet
networking/udhcp/signalpipe
networking/udhcp/socket
networking/udhcp/static_leases
networking/vconfig
networking/wget
networking/zcip
printutils/lpd
printutils/lpr
procps/free
procps/fuser
procps/iostat
procps/kill
procps/mpstat
procps/nmeter
procps/pgrep
procps/pidof
procps/pmap
procps/powertop
procps/ps
procps/renice
procps/smemcap
procps/sysctl
procps/top
procps/uptime
procps/watch
runit/chpst
runit/runsvdir
runit/runsv
runit/svlogd
runit/sv
scripts/basic/docproc
scripts/basic/fixdep
scripts/basic/split-include
scripts/echo
scripts/kconfig/confdata
scripts/kconfig/conf
scripts/kconfig/expr
scripts/kconfig/gconf
scripts/kconfig/images
scripts/kconfig/kconfig_load
scripts/kconfig/kxgettext
scripts/kconfig/lex.zconf
scripts/kconfig/lxdialog/checklist
scripts/kconfig/lxdialog/inputbox
scripts/kconfig/lxdialog/lxdialog
scripts/kconfig/lxdialog/menubox
scripts/kconfig/lxdialog/msgbox
scripts/kconfig/lxdialog/textbox
scripts/kconfig/lxdialog/util
scripts/kconfig/lxdialog/yesno
scripts/kconfig/mconf
scripts/kconfig/menu
scripts/kconfig/symbol
scripts/kconfig/util
scripts/kconfig/zconf.hash
scripts/kconfig/zconf.tab
selinux/chcon
selinux/getenforce
selinux/getsebool
selinux/load_policy
selinux/matchpathcon
selinux/runcon
selinux/selinuxenabled
selinux/sestatus
selinux/setenforce
selinux/setfiles
selinux/setsebool
shell/ash_ptr_hack
shell/ash_test/printenv
shell/ash_test/recho
shell/ash_test/zecho
shell/ash
shell/cttyhack
shell/hush
shell/match
shell/math
shell/random
shell/shell_common
sysklogd/klogd
sysklogd/logger
sysklogd/logread
sysklogd/syslogd_and_logger
sysklogd/syslogd
util-linux/acpid
util-linux/blkid
util-linux/blockdev
util-linux/dmesg
util-linux/fbset
util-linux/fdformat
util-linux/fdisk_aix
util-linux/fdisk_gpt
util-linux/fdisk_osf
util-linux/fdisk_sgi
util-linux/fdisk_sun
util-linux/fdisk
util-linux/findfs
util-linux/flock
util-linux/freeramdisk
util-linux/fsck_minix
util-linux/getopt
util-linux/hexdump
util-linux/hwclock
util-linux/ipcrm
util-linux/ipcs
util-linux/losetup
util-linux/lspci
util-linux/lsusb
util-linux/mdev
util-linux/mkfs_ext2
util-linux/mkfs_minix
util-linux/mkfs_reiser
util-linux/mkfs_vfat
util-linux/mkswap
util-linux/more
util-linux/mount
util-linux/pivot_root
util-linux/rdate
util-linux/rdev
util-linux/readprofile
util-linux/rev
util-linux/rtcwake
util-linux/scriptreplay
util-linux/script
util-linux/setarch
util-linux/swaponoff
util-linux/switch_root
util-linux/umount
util-linux/um
util-linux/volume_id/btrfs
util-linux/volume_id/cramfs
util-linux/volume_id/ext
util-linux/volume_id/fat
util-linux/volume_id/get_devname
util-linux/volume_id/hfs
util-linux/volume_id/iso9660
util-linux/volume_id/jfs
util-linux/volume_id/linux_raid
util-linux/volume_id/linux_swap
util-linux/volume_id/luks
util-linux/volume_id/ntfs
util-linux/volume_id/ocfs2
util-linux/volume_id/reiserfs
util-linux/volume_id/romfs
util-linux/volume_id/sysv
util-linux/volume_id/udf
util-linux/volume_id/unused_highpoint
util-linux/volume_id/unused_hpfs
util-linux/volume_id/unused_isw_raid
util-linux/volume_id/unused_lsi_raid
util-linux/volume_id/unused_lvm
util-linux/volume_id/unused_mac
util-linux/volume_id/unused_minix
util-linux/volume_id/unused_msdos
util-linux/volume_id/unused_nvidia_raid
util-linux/volume_id/unused_promise_raid
util-linux/volume_id/unused_silicon_raid
util-linux/volume_id/unused_ufs
util-linux/volume_id/unused_via_raid
util-linux/volume_id/util
util-linux/volume_id/volume_id
util-linux/volume_id/xfs
