Dec 3, 2011 11:44:33 AM de.fosd.typechef.lexer.Main run
SEVERE: org.sat4j.specs.ContradictionException: Creating Empty clause ?
org.sat4j.specs.ContradictionException: Creating Empty clause ?
	at org.sat4j.minisat.constraints.cnf.Clauses.propagationCheck(Clauses.java:115)
	at org.sat4j.minisat.constraints.cnf.Clauses.sanityCheck(Clauses.java:95)
	at org.sat4j.minisat.constraints.MixedDataStructureDanielWL.createClause(MixedDataStructureDanielWL.java:72)
	at org.sat4j.minisat.core.Solver.addClause(Solver.java:354)
	at org.sat4j.minisat.core.Solver.addAllClauses(Solver.java:395)
	at de.fosd.typechef.featureexpr.SatSolverImpl.<init>(SatSolver.scala:57)
	at de.fosd.typechef.featureexpr.SatSolver.isSatisfiable(SatSolver.scala:26)
	at de.fosd.typechef.featureexpr.FeatureExpr$$anonfun$isSatisfiable$1.apply$mcZ$sp(FeatureExpr.scala:156)
	at de.fosd.typechef.featureexpr.FeatureExpr$$anonfun$isSatisfiable$1.apply(FeatureExpr.scala:156)
	at de.fosd.typechef.featureexpr.FeatureExpr$$anonfun$isSatisfiable$1.apply(FeatureExpr.scala:156)
	at scala.collection.mutable.MapLike$class.getOrElseUpdate(MapLike.scala:188)
	at scala.collection.JavaConversions$JMapWrapper.getOrElseUpdate(JavaConversions.scala:792)
	at de.fosd.typechef.featureexpr.FeatureExpr.isSatisfiable(FeatureExpr.scala:156)
	at de.fosd.typechef.featureexpr.FeatureExpr.isContradiction(FeatureExpr.scala:151)
	at de.fosd.typechef.lexer.Preprocessor$IfdefPrinter.isIfVisible(Preprocessor.java:538)
	at de.fosd.typechef.lexer.Preprocessor$IfdefPrinter.startIf(Preprocessor.java:522)
	at de.fosd.typechef.lexer.Preprocessor.parse_main(Preprocessor.java:2584)
	at de.fosd.typechef.lexer.Preprocessor.getNextToken(Preprocessor.java:2671)
	at de.fosd.typechef.lexer.Main.run(Main.java:246)
	at de.fosd.typechef.linux.LinuxPreprocessorFrontend$.preprocessFile(LinuxPreprocessorFrontend.scala:77)
	at de.fosd.typechef.linux.LinuxPreprocessorFrontend$$anonfun$main$1.apply(LinuxPreprocessorFrontend.scala:145)
	at de.fosd.typechef.linux.LinuxPreprocessorFrontend$$anonfun$main$1.apply(LinuxPreprocessorFrontend.scala:135)
	at scala.collection.IndexedSeqOptimized$class.foreach(IndexedSeqOptimized.scala:34)
	at scala.collection.mutable.ArrayOps.foreach(ArrayOps.scala:38)
	at de.fosd.typechef.linux.LinuxPreprocessorFrontend$.main(LinuxPreprocessorFrontend.scala:135)
	at de.fosd.typechef.linux.LinuxPreprocessorFrontend.main(LinuxPreprocessorFrontend.scala)
 -> file busybox/config.h
