error: header limits.h not found
error: header sex.h not found
error: header sys/resource.h not found
error: header machine/endian.h not found
error: header byteswap.h not found
error: header endian.h not found
error: header stdint.h not found
error: header features.h not found
error: header standards.h not found
error: header inttypes.h not found
error: header ctype.h not found
error: header dirent.h not found
error: header errno.h not found
error: header fcntl.h not found
error: header inttypes.h not found
error: header netdb.h not found
error: header setjmp.h not found
error: header signal.h not found
error: header stdint.h not found
error: header stdio.h not found
error: header stdlib.h not found
error: header machine/ansi.h not found
error: header sys/_types.h not found
